[I 02:53:10.115 NotebookApp] Serving notebooks from local directory: /home/tianxiao/URDaVa/urdava
[I 02:53:10.115 NotebookApp] Jupyter Notebook 6.5.4 is running at:
[I 02:53:10.115 NotebookApp] http://localhost:1202/?token=23facf4b82e36b4c0100b954f2594c16c878e9f0501ae3d2
[I 02:53:10.115 NotebookApp]  or http://127.0.0.1:1202/?token=23facf4b82e36b4c0100b954f2594c16c878e9f0501ae3d2
[I 02:53:10.115 NotebookApp] Use Control-C to stop this server and shut down all kernels (twice to skip confirmation).
[C 02:53:10.117 NotebookApp] 
    
    To access the notebook, open this file in a browser:
        file:///home/tianxiao/.local/share/jupyter/runtime/nbserver-36483-open.html
    Or copy and paste one of these URLs:
        http://localhost:1202/?token=23facf4b82e36b4c0100b954f2594c16c878e9f0501ae3d2
     or http://127.0.0.1:1202/?token=23facf4b82e36b4c0100b954f2594c16c878e9f0501ae3d2
[I 02:54:13.693 NotebookApp] 302 GET /?token=23facf4b82e36b4c0100b954f2594c16c878e9f0501ae3d2%20::%20/home/tianxiao/URDaVa/urdava (127.0.0.1) 1.400000ms
[I 02:54:13.703 NotebookApp] 302 GET /tree?token=23facf4b82e36b4c0100b954f2594c16c878e9f0501ae3d2%20::%20/home/tianxiao/URDaVa/urdava (127.0.0.1) 1.580000ms
[I 13:05:44.612 NotebookApp] 302 POST /login?next=%2Ftree%3Ftoken%3D23facf4b82e36b4c0100b954f2594c16c878e9f0501ae3d2%2520%3A%3A%2520%2Fhome%2Ftianxiao%2FURDaVa%2Furdava (127.0.0.1) 1.900000ms
[I 13:06:16.482 NotebookApp] Creating new notebook in 
[W 13:06:17.505 NotebookApp] 404 GET /nbextensions/widgets/notebook/js/extension.js?v=20230501025309 (127.0.0.1) 6.020000ms referer=http://localhost:1202/notebooks/Untitled.ipynb?kernel_name=python3
[I 13:06:17.575 NotebookApp] Kernel started: 4a08bf6a-76cf-419c-91df-a0a928c01957, name: python3
[I 13:08:17.558 NotebookApp] Saving file at /main.ipynb
/home/tianxiao/miniconda3/lib/python3.9/site-packages/nbformat/__init__.py:129: MissingIDFieldWarning: Code cell is missing an id field, this will become a hard error in future nbformat versions. You may want to use `normalize()` on your notebooks before validations (available since nbformat 5.1.4). Previous versions of nbformat are fixing this issue transparently, and will stop doing so in the future.
  validate(nb)
/home/tianxiao/miniconda3/lib/python3.9/site-packages/notebook/services/contents/manager.py:353: MissingIDFieldWarning: Code cell is missing an id field, this will become a hard error in future nbformat versions. You may want to use `normalize()` on your notebooks before validations (available since nbformat 5.1.4). Previous versions of nbformat are fixing this issue transparently, and will stop doing so in the future.
  validate_nb(model['content'])
[I 13:10:17.557 NotebookApp] Saving file at /main.ipynb
[I 13:12:17.562 NotebookApp] Saving file at /main.ipynb
[I 13:14:17.557 NotebookApp] Saving file at /main.ipynb
[I 13:16:19.176 NotebookApp] Saving file at /main.ipynb
[I 13:18:19.612 NotebookApp] Saving file at /main.ipynb
[I 13:22:22.749 NotebookApp] Saving file at /main.ipynb
[I 13:26:17.558 NotebookApp] Saving file at /main.ipynb
[I 13:28:17.548 NotebookApp] Saving file at /main.ipynb
[I 13:30:17.546 NotebookApp] Saving file at /main.ipynb
[I 13:32:18.443 NotebookApp] Saving file at /main.ipynb
[I 13:34:19.275 NotebookApp] Saving file at /main.ipynb
[I 13:36:18.617 NotebookApp] Saving file at /main.ipynb
[I 13:36:49.306 NotebookApp] Starting buffering for 4a08bf6a-76cf-419c-91df-a0a928c01957:90279593e1234ec09a720cd3e108a18f
[I 13:36:49.542 NotebookApp] Kernel restarted: 4a08bf6a-76cf-419c-91df-a0a928c01957
[I 13:36:49.571 NotebookApp] Restoring connection for 4a08bf6a-76cf-419c-91df-a0a928c01957:90279593e1234ec09a720cd3e108a18f
[I 13:36:50.075 NotebookApp] Replaying 3 buffered messages
[I 13:38:17.559 NotebookApp] Saving file at /main.ipynb
[I 13:40:17.567 NotebookApp] Saving file at /main.ipynb
[I 13:42:17.552 NotebookApp] Saving file at /main.ipynb
[I 13:44:17.567 NotebookApp] Saving file at /main.ipynb
[I 13:46:17.570 NotebookApp] Saving file at /main.ipynb
[I 13:48:17.582 NotebookApp] Saving file at /main.ipynb
[I 13:50:17.557 NotebookApp] Saving file at /main.ipynb
[I 13:52:17.563 NotebookApp] Saving file at /main.ipynb
[I 13:54:21.248 NotebookApp] Saving file at /main.ipynb
[I 13:56:00.138 NotebookApp] Saving file at /main.ipynb
[I 13:56:18.608 NotebookApp] Saving file at /main.ipynb
[I 13:58:17.591 NotebookApp] Saving file at /main.ipynb
[I 14:00:17.599 NotebookApp] Saving file at /main.ipynb
[I 14:02:17.575 NotebookApp] Saving file at /main.ipynb
[I 14:10:22.152 NotebookApp] Saving file at /main.ipynb
[I 14:11:03.050 NotebookApp] Saving file at /main.ipynb
[I 14:11:03.243 NotebookApp] Saving file at /main.ipynb
[I 14:11:03.408 NotebookApp] Saving file at /main.ipynb
[I 14:11:03.594 NotebookApp] Saving file at /main.ipynb
[I 14:11:03.759 NotebookApp] Saving file at /main.ipynb
[I 14:11:03.940 NotebookApp] Saving file at /main.ipynb
[I 14:11:04.105 NotebookApp] Saving file at /main.ipynb
[I 14:11:04.271 NotebookApp] Saving file at /main.ipynb
[I 14:11:04.433 NotebookApp] Saving file at /main.ipynb
[I 14:11:05.136 NotebookApp] Saving file at /main.ipynb
[I 14:11:05.333 NotebookApp] Saving file at /main.ipynb
[I 14:11:05.517 NotebookApp] Saving file at /main.ipynb
[I 14:11:05.694 NotebookApp] Saving file at /main.ipynb
[I 14:11:05.878 NotebookApp] Saving file at /main.ipynb
[I 14:12:20.637 NotebookApp] Saving file at /main.ipynb
[I 14:14:17.569 NotebookApp] Saving file at /main.ipynb
[I 14:14:50.817 NotebookApp] Saving file at /main.ipynb
[I 14:16:28.954 NotebookApp] Saving file at /main.ipynb
[I 14:18:17.582 NotebookApp] Saving file at /main.ipynb
[I 14:20:17.540 NotebookApp] Saving file at /main.ipynb
[I 14:22:17.580 NotebookApp] Saving file at /main.ipynb
[I 14:24:03.975 NotebookApp] Creating new directory in 
[I 14:24:18.021 NotebookApp] Saving file at /main.ipynb
[I 14:26:17.569 NotebookApp] Saving file at /main.ipynb
[I 14:28:01.957 NotebookApp] Creating new directory in /images
[I 14:28:17.574 NotebookApp] Saving file at /main.ipynb
[W 14:30:13.208 NotebookApp] delete /images/effect_on_duplicates/synthetic_dataset_visualization.png
[I 14:30:17.591 NotebookApp] Saving file at /main.ipynb
[I 14:32:17.563 NotebookApp] Saving file at /main.ipynb
[I 14:34:17.579 NotebookApp] Saving file at /main.ipynb
[I 14:36:18.197 NotebookApp] Saving file at /main.ipynb
[I 14:38:17.595 NotebookApp] Saving file at /main.ipynb
[I 14:40:18.771 NotebookApp] Saving file at /main.ipynb
[I 14:41:19.000 NotebookApp] Saving file at /main.ipynb
[I 14:44:17.598 NotebookApp] Saving file at /main.ipynb
[I 14:46:17.578 NotebookApp] Saving file at /main.ipynb
[I 14:48:17.599 NotebookApp] Saving file at /main.ipynb
[I 15:02:18.471 NotebookApp] Saving file at /main.ipynb
[I 15:04:17.572 NotebookApp] Saving file at /main.ipynb
[I 15:08:17.593 NotebookApp] Saving file at /main.ipynb
[I 15:10:17.578 NotebookApp] Saving file at /main.ipynb
[I 15:16:17.595 NotebookApp] Saving file at /main.ipynb
[I 15:30:17.590 NotebookApp] Saving file at /main.ipynb
[I 15:32:17.564 NotebookApp] Saving file at /main.ipynb
[W 15:43:49.602 NotebookApp] WebSocket ping timeout after 119989 ms.
[I 15:43:54.608 NotebookApp] Starting buffering for 4a08bf6a-76cf-419c-91df-a0a928c01957:90279593e1234ec09a720cd3e108a18f
[I 16:13:57.638 NotebookApp] Saving file at /main.ipynb
[I 16:13:58.938 NotebookApp] Saving file at /main.ipynb
[I 16:14:00.648 NotebookApp] Kernel restarted: 4a08bf6a-76cf-419c-91df-a0a928c01957
[I 16:14:00.795 NotebookApp] Restoring connection for 4a08bf6a-76cf-419c-91df-a0a928c01957:90279593e1234ec09a720cd3e108a18f
[I 16:14:01.801 NotebookApp] Replaying 3 buffered messages
[I 16:15:57.620 NotebookApp] Saving file at /main.ipynb
[I 16:17:57.612 NotebookApp] Saving file at /main.ipynb
[I 16:19:58.328 NotebookApp] Saving file at /main.ipynb
[I 16:21:57.607 NotebookApp] Saving file at /main.ipynb
[I 16:23:57.606 NotebookApp] Saving file at /main.ipynb
[I 16:25:57.630 NotebookApp] Saving file at /main.ipynb
[I 16:31:15.436 NotebookApp] Starting buffering for 4a08bf6a-76cf-419c-91df-a0a928c01957:90279593e1234ec09a720cd3e108a18f
[I 16:31:15.888 NotebookApp] Kernel restarted: 4a08bf6a-76cf-419c-91df-a0a928c01957
[I 16:31:15.927 NotebookApp] Restoring connection for 4a08bf6a-76cf-419c-91df-a0a928c01957:90279593e1234ec09a720cd3e108a18f
[I 16:31:16.432 NotebookApp] Replaying 3 buffered messages
[I 16:31:58.995 NotebookApp] Saving file at /main.ipynb
[I 16:32:40.674 NotebookApp] Starting buffering for 4a08bf6a-76cf-419c-91df-a0a928c01957:90279593e1234ec09a720cd3e108a18f
[I 16:32:41.110 NotebookApp] Kernel restarted: 4a08bf6a-76cf-419c-91df-a0a928c01957
[I 16:32:41.169 NotebookApp] Restoring connection for 4a08bf6a-76cf-419c-91df-a0a928c01957:90279593e1234ec09a720cd3e108a18f
[I 16:32:42.175 NotebookApp] Replaying 3 buffered messages
[I 16:33:57.613 NotebookApp] Saving file at /main.ipynb
[I 16:35:57.607 NotebookApp] Saving file at /main.ipynb
[I 16:37:57.626 NotebookApp] Saving file at /main.ipynb
[I 16:39:58.243 NotebookApp] Saving file at /main.ipynb
[I 16:41:57.611 NotebookApp] Saving file at /main.ipynb
[I 16:42:59.124 NotebookApp] Kernel interrupted: 4a08bf6a-76cf-419c-91df-a0a928c01957
[I 16:43:58.734 NotebookApp] Saving file at /main.ipynb
[I 16:45:40.577 NotebookApp] Kernel interrupted: 4a08bf6a-76cf-419c-91df-a0a928c01957
[I 16:46:14.269 NotebookApp] Kernel interrupted: 4a08bf6a-76cf-419c-91df-a0a928c01957
[I 16:46:16.184 NotebookApp] Starting buffering for 4a08bf6a-76cf-419c-91df-a0a928c01957:90279593e1234ec09a720cd3e108a18f
[I 16:46:16.722 NotebookApp] Kernel restarted: 4a08bf6a-76cf-419c-91df-a0a928c01957
[I 16:46:16.848 NotebookApp] Restoring connection for 4a08bf6a-76cf-419c-91df-a0a928c01957:90279593e1234ec09a720cd3e108a18f
[I 16:46:17.352 NotebookApp] Replaying 3 buffered messages
[I 16:47:56.713 NotebookApp] Starting buffering for 4a08bf6a-76cf-419c-91df-a0a928c01957:90279593e1234ec09a720cd3e108a18f
[I 16:47:57.152 NotebookApp] Kernel restarted: 4a08bf6a-76cf-419c-91df-a0a928c01957
[I 16:47:57.199 NotebookApp] Restoring connection for 4a08bf6a-76cf-419c-91df-a0a928c01957:90279593e1234ec09a720cd3e108a18f
[I 16:47:57.598 NotebookApp] Saving file at /main.ipynb
[I 16:47:57.703 NotebookApp] Replaying 3 buffered messages
[I 16:50:11.003 NotebookApp] Saving file at /main.ipynb
[I 16:51:08.462 NotebookApp] Starting buffering for 4a08bf6a-76cf-419c-91df-a0a928c01957:90279593e1234ec09a720cd3e108a18f
[I 16:51:08.800 NotebookApp] Kernel restarted: 4a08bf6a-76cf-419c-91df-a0a928c01957
[I 16:51:08.826 NotebookApp] Restoring connection for 4a08bf6a-76cf-419c-91df-a0a928c01957:90279593e1234ec09a720cd3e108a18f
[I 16:51:09.330 NotebookApp] Replaying 3 buffered messages
[I 16:51:58.500 NotebookApp] Saving file at /main.ipynb
[I 16:52:05.463 NotebookApp] Starting buffering for 4a08bf6a-76cf-419c-91df-a0a928c01957:90279593e1234ec09a720cd3e108a18f
[I 16:52:05.901 NotebookApp] Kernel restarted: 4a08bf6a-76cf-419c-91df-a0a928c01957
[I 16:52:06.033 NotebookApp] Restoring connection for 4a08bf6a-76cf-419c-91df-a0a928c01957:90279593e1234ec09a720cd3e108a18f
[I 16:52:07.038 NotebookApp] Replaying 3 buffered messages
[I 16:53:57.607 NotebookApp] Saving file at /main.ipynb
[I 16:55:14.794 NotebookApp] Saving file at /main.ipynb
[I 16:56:25.952 NotebookApp] Saving file at /main.ipynb
[I 16:59:56.588 NotebookApp] Saving file at /main.ipynb
[I 16:59:59.212 NotebookApp] Kernel interrupted: 4a08bf6a-76cf-419c-91df-a0a928c01957
[I 17:00:40.122 NotebookApp] Kernel interrupted: 4a08bf6a-76cf-419c-91df-a0a928c01957
[I 17:01:10.046 NotebookApp] Kernel interrupted: 4a08bf6a-76cf-419c-91df-a0a928c01957
[I 17:01:36.551 NotebookApp] Kernel interrupted: 4a08bf6a-76cf-419c-91df-a0a928c01957
[I 17:01:43.180 NotebookApp] Kernel interrupted: 4a08bf6a-76cf-419c-91df-a0a928c01957
[I 17:01:57.602 NotebookApp] Saving file at /main.ipynb
[I 17:04:00.843 NotebookApp] Saving file at /main.ipynb
[I 17:19:57.638 NotebookApp] Saving file at /main.ipynb
[I 17:21:57.619 NotebookApp] Saving file at /main.ipynb
[I 17:23:57.638 NotebookApp] Saving file at /main.ipynb
[I 17:25:57.615 NotebookApp] Saving file at /main.ipynb
[I 17:28:06.945 NotebookApp] Saving file at /main.ipynb
[W 17:40:36.064 NotebookApp] WebSocket ping timeout after 119902 ms.
[I 17:40:41.070 NotebookApp] Starting buffering for 4a08bf6a-76cf-419c-91df-a0a928c01957:90279593e1234ec09a720cd3e108a18f
[W 17:48:14.599 NotebookApp] Notebook main.ipynb is not trusted
[W 17:48:14.607 NotebookApp] 404 GET /nbextensions/widgets/notebook/js/extension.js?v=20230501025309 (127.0.0.1) 2.460000ms referer=http://localhost:1202/notebooks/main.ipynb
[I 18:11:22.399 NotebookApp] Starting buffering for 4a08bf6a-76cf-419c-91df-a0a928c01957:fd43430426f44d7f881fbadf6d1dad57
[I 18:11:23.038 NotebookApp] Kernel restarted: 4a08bf6a-76cf-419c-91df-a0a928c01957
[I 18:11:23.143 NotebookApp] Restoring connection for 4a08bf6a-76cf-419c-91df-a0a928c01957:fd43430426f44d7f881fbadf6d1dad57
[I 18:11:23.648 NotebookApp] Replaying 3 buffered messages
[I 18:11:24.876 NotebookApp] Starting buffering for 4a08bf6a-76cf-419c-91df-a0a928c01957:fd43430426f44d7f881fbadf6d1dad57
[I 18:11:25.113 NotebookApp] Kernel restarted: 4a08bf6a-76cf-419c-91df-a0a928c01957
[I 18:11:25.139 NotebookApp] Restoring connection for 4a08bf6a-76cf-419c-91df-a0a928c01957:fd43430426f44d7f881fbadf6d1dad57
[I 18:11:25.642 NotebookApp] Replaying 3 buffered messages
[I 18:12:14.810 NotebookApp] Saving file at /main.ipynb
[W 18:12:14.811 NotebookApp] Notebook main.ipynb is not trusted
[I 18:14:14.806 NotebookApp] Saving file at /main.ipynb
[W 18:14:14.807 NotebookApp] Notebook main.ipynb is not trusted
[I 18:16:15.425 NotebookApp] Saving file at /main.ipynb
[W 18:16:15.425 NotebookApp] Notebook main.ipynb is not trusted
[I 18:16:16.924 NotebookApp] Saving file at /urdava/dataset/__init__.py
[I 18:16:17.112 NotebookApp] Saving file at /urdava/dataset/__init__.py
[I 18:16:17.289 NotebookApp] Saving file at /urdava/dataset/__init__.py
[I 18:16:17.446 NotebookApp] Saving file at /urdava/dataset/__init__.py
[I 18:16:20.707 NotebookApp] Starting buffering for 4a08bf6a-76cf-419c-91df-a0a928c01957:fd43430426f44d7f881fbadf6d1dad57
[I 18:16:21.145 NotebookApp] Kernel restarted: 4a08bf6a-76cf-419c-91df-a0a928c01957
[I 18:16:21.171 NotebookApp] Restoring connection for 4a08bf6a-76cf-419c-91df-a0a928c01957:fd43430426f44d7f881fbadf6d1dad57
[I 18:16:22.176 NotebookApp] Replaying 3 buffered messages
[I 18:16:38.322 NotebookApp] Saving file at /urdava/dataset/__init__.py
[I 18:16:38.521 NotebookApp] Saving file at /urdava/dataset/__init__.py
[I 18:16:38.681 NotebookApp] Saving file at /urdava/dataset/__init__.py
[I 18:16:38.846 NotebookApp] Saving file at /urdava/dataset/__init__.py
[I 18:16:41.680 NotebookApp] Starting buffering for 4a08bf6a-76cf-419c-91df-a0a928c01957:fd43430426f44d7f881fbadf6d1dad57
[I 18:16:42.116 NotebookApp] Kernel restarted: 4a08bf6a-76cf-419c-91df-a0a928c01957
[I 18:16:42.232 NotebookApp] Restoring connection for 4a08bf6a-76cf-419c-91df-a0a928c01957:fd43430426f44d7f881fbadf6d1dad57
[I 18:16:42.736 NotebookApp] Replaying 3 buffered messages
[I 18:17:19.342 NotebookApp] Saving file at /urdava/dataset/__init__.py
[I 18:17:19.513 NotebookApp] Saving file at /urdava/dataset/__init__.py
[I 18:17:19.670 NotebookApp] Saving file at /urdava/dataset/__init__.py
[I 18:17:19.861 NotebookApp] Saving file at /urdava/dataset/__init__.py
[I 18:17:20.039 NotebookApp] Saving file at /urdava/dataset/__init__.py
[I 18:17:40.943 NotebookApp] Saving file at /urdava/dataset/__init__.py
[I 18:17:41.125 NotebookApp] Saving file at /urdava/dataset/__init__.py
[I 18:17:41.324 NotebookApp] Saving file at /urdava/dataset/__init__.py
[I 18:17:41.489 NotebookApp] Saving file at /urdava/dataset/__init__.py
[I 18:17:41.668 NotebookApp] Saving file at /urdava/dataset/__init__.py
[I 18:17:41.842 NotebookApp] Saving file at /urdava/dataset/__init__.py
[I 18:17:45.636 NotebookApp] Starting buffering for 4a08bf6a-76cf-419c-91df-a0a928c01957:fd43430426f44d7f881fbadf6d1dad57
[I 18:17:45.973 NotebookApp] Kernel restarted: 4a08bf6a-76cf-419c-91df-a0a928c01957
[I 18:17:46.023 NotebookApp] Restoring connection for 4a08bf6a-76cf-419c-91df-a0a928c01957:fd43430426f44d7f881fbadf6d1dad57
[I 18:17:46.526 NotebookApp] Replaying 3 buffered messages
[I 18:18:16.382 NotebookApp] Saving file at /main.ipynb
[W 18:18:16.383 NotebookApp] Notebook main.ipynb is not trusted
[I 18:18:43.109 NotebookApp] Saving file at /urdava/dataset/__init__.py
[I 18:18:43.312 NotebookApp] Saving file at /urdava/dataset/__init__.py
[I 18:18:43.512 NotebookApp] Saving file at /urdava/dataset/__init__.py
[I 18:18:43.716 NotebookApp] Saving file at /urdava/dataset/__init__.py
[I 18:18:49.142 NotebookApp] Saving file at /urdava/dataset/__init__.py
[I 18:18:49.382 NotebookApp] Saving file at /urdava/dataset/__init__.py
[I 18:18:49.550 NotebookApp] Saving file at /urdava/dataset/__init__.py
[I 18:18:49.723 NotebookApp] Saving file at /urdava/dataset/__init__.py
[I 18:18:49.933 NotebookApp] Saving file at /urdava/dataset/__init__.py
[I 18:18:50.131 NotebookApp] Saving file at /urdava/dataset/__init__.py
[I 18:18:50.320 NotebookApp] Saving file at /urdava/dataset/__init__.py
[I 18:18:50.520 NotebookApp] Saving file at /urdava/dataset/__init__.py
[I 18:18:50.833 NotebookApp] Saving file at /urdava/dataset/__init__.py
[I 18:18:51.009 NotebookApp] Saving file at /urdava/dataset/__init__.py
[I 18:18:51.203 NotebookApp] Saving file at /urdava/dataset/__init__.py
[I 18:18:59.292 NotebookApp] Starting buffering for 4a08bf6a-76cf-419c-91df-a0a928c01957:fd43430426f44d7f881fbadf6d1dad57
[I 18:18:59.630 NotebookApp] Kernel restarted: 4a08bf6a-76cf-419c-91df-a0a928c01957
[I 18:18:59.761 NotebookApp] Restoring connection for 4a08bf6a-76cf-419c-91df-a0a928c01957:fd43430426f44d7f881fbadf6d1dad57
[I 18:19:00.265 NotebookApp] Replaying 3 buffered messages
[I 18:20:14.798 NotebookApp] Saving file at /main.ipynb
[W 18:20:14.798 NotebookApp] Notebook main.ipynb is not trusted
[I 18:22:14.823 NotebookApp] Saving file at /main.ipynb
[W 18:22:14.824 NotebookApp] Notebook main.ipynb is not trusted
[I 18:24:14.799 NotebookApp] Saving file at /main.ipynb
[W 18:24:14.799 NotebookApp] Notebook main.ipynb is not trusted
[I 18:26:04.006 NotebookApp] Saving file at /main.ipynb
[W 18:26:04.007 NotebookApp] Notebook main.ipynb is not trusted
[I 18:26:04.271 NotebookApp] Saving file at /main.ipynb
[W 18:26:04.272 NotebookApp] Notebook main.ipynb is not trusted
[I 18:26:04.495 NotebookApp] Saving file at /main.ipynb
[W 18:26:04.495 NotebookApp] Notebook main.ipynb is not trusted
[I 18:26:06.466 NotebookApp] Saving file at /main.ipynb
[W 18:26:06.466 NotebookApp] Notebook main.ipynb is not trusted
[I 18:26:06.695 NotebookApp] Saving file at /main.ipynb
[W 18:26:06.696 NotebookApp] Notebook main.ipynb is not trusted
[I 18:26:06.918 NotebookApp] Saving file at /main.ipynb
[W 18:26:06.919 NotebookApp] Notebook main.ipynb is not trusted
[I 18:26:24.993 NotebookApp] Saving file at /main.ipynb
[W 18:26:24.994 NotebookApp] Notebook main.ipynb is not trusted
[I 18:26:25.181 NotebookApp] Saving file at /main.ipynb
[W 18:26:25.181 NotebookApp] Notebook main.ipynb is not trusted
[I 18:26:25.363 NotebookApp] Saving file at /main.ipynb
[W 18:26:25.363 NotebookApp] Notebook main.ipynb is not trusted
[I 18:26:36.110 NotebookApp] Kernel interrupted: 4a08bf6a-76cf-419c-91df-a0a928c01957
[I 18:28:19.444 NotebookApp] Saving file at /main.ipynb
[W 18:28:19.445 NotebookApp] Notebook main.ipynb is not trusted
[I 18:29:46.800 NotebookApp] Saving file at /urdava/data_valuation/__init__.py
[I 18:29:46.966 NotebookApp] Saving file at /urdava/data_valuation/__init__.py
[I 18:29:47.131 NotebookApp] Saving file at /urdava/data_valuation/__init__.py
[I 18:29:47.287 NotebookApp] Saving file at /urdava/data_valuation/__init__.py
[I 18:30:44.147 NotebookApp] Saving file at /urdava/data_valuation/__init__.py
[I 18:30:44.347 NotebookApp] Saving file at /urdava/data_valuation/__init__.py
[I 18:30:44.523 NotebookApp] Saving file at /urdava/data_valuation/__init__.py
[I 18:30:44.688 NotebookApp] Saving file at /urdava/data_valuation/__init__.py
[I 18:30:44.880 NotebookApp] Saving file at /urdava/data_valuation/__init__.py
[I 18:30:45.063 NotebookApp] Saving file at /urdava/data_valuation/__init__.py
[I 18:30:45.261 NotebookApp] Saving file at /urdava/data_valuation/__init__.py
[I 18:30:45.429 NotebookApp] Saving file at /urdava/data_valuation/__init__.py
[I 18:30:45.599 NotebookApp] Saving file at /urdava/data_valuation/__init__.py
[I 18:30:46.158 NotebookApp] Saving file at /urdava/data_valuation/__init__.py
[I 18:30:46.321 NotebookApp] Saving file at /urdava/data_valuation/__init__.py
[I 18:30:49.212 NotebookApp] Kernel interrupted: 4a08bf6a-76cf-419c-91df-a0a928c01957
[I 18:32:14.803 NotebookApp] Saving file at /main.ipynb
[W 18:32:14.804 NotebookApp] Notebook main.ipynb is not trusted
[I 18:32:54.965 NotebookApp] Starting buffering for 4a08bf6a-76cf-419c-91df-a0a928c01957:fd43430426f44d7f881fbadf6d1dad57
[I 18:32:56.005 NotebookApp] Kernel restarted: 4a08bf6a-76cf-419c-91df-a0a928c01957
[I 18:32:56.065 NotebookApp] Restoring connection for 4a08bf6a-76cf-419c-91df-a0a928c01957:fd43430426f44d7f881fbadf6d1dad57
[I 18:32:57.071 NotebookApp] Replaying 6 buffered messages
[I 18:33:27.672 NotebookApp] Saving file at /urdava/data_valuation/__init__.py
[I 18:33:27.879 NotebookApp] Saving file at /urdava/data_valuation/__init__.py
[I 18:33:28.129 NotebookApp] Saving file at /urdava/data_valuation/__init__.py
[I 18:33:28.340 NotebookApp] Saving file at /urdava/data_valuation/__init__.py
[I 18:33:28.534 NotebookApp] Saving file at /urdava/data_valuation/__init__.py
[I 18:33:28.777 NotebookApp] Saving file at /urdava/data_valuation/__init__.py
[I 18:33:28.972 NotebookApp] Saving file at /urdava/data_valuation/__init__.py
[I 18:33:29.206 NotebookApp] Saving file at /urdava/data_valuation/__init__.py
[I 18:33:29.453 NotebookApp] Saving file at /urdava/data_valuation/__init__.py
[I 18:33:29.654 NotebookApp] Saving file at /urdava/data_valuation/__init__.py
[I 18:33:29.852 NotebookApp] Saving file at /urdava/data_valuation/__init__.py
[I 18:33:30.047 NotebookApp] Saving file at /urdava/data_valuation/__init__.py
[I 18:33:30.263 NotebookApp] Saving file at /urdava/data_valuation/__init__.py
[I 18:33:30.523 NotebookApp] Saving file at /urdava/data_valuation/__init__.py
[I 18:33:33.457 NotebookApp] Starting buffering for 4a08bf6a-76cf-419c-91df-a0a928c01957:fd43430426f44d7f881fbadf6d1dad57
[I 18:33:33.792 NotebookApp] Kernel restarted: 4a08bf6a-76cf-419c-91df-a0a928c01957
[I 18:33:33.837 NotebookApp] Restoring connection for 4a08bf6a-76cf-419c-91df-a0a928c01957:fd43430426f44d7f881fbadf6d1dad57
[I 18:33:34.342 NotebookApp] Replaying 3 buffered messages
[I 18:34:14.806 NotebookApp] Saving file at /main.ipynb
[W 18:34:14.808 NotebookApp] Notebook main.ipynb is not trusted
[I 18:36:14.803 NotebookApp] Saving file at /main.ipynb
[W 18:36:14.804 NotebookApp] Notebook main.ipynb is not trusted
[I 18:38:14.823 NotebookApp] Saving file at /main.ipynb
[W 18:38:14.824 NotebookApp] Notebook main.ipynb is not trusted
[I 18:40:14.815 NotebookApp] Saving file at /main.ipynb
[W 18:40:14.815 NotebookApp] Notebook main.ipynb is not trusted
[I 18:40:24.384 NotebookApp] Saving file at /main.ipynb
[W 18:40:24.384 NotebookApp] Notebook main.ipynb is not trusted
[I 18:40:24.587 NotebookApp] Saving file at /main.ipynb
[W 18:40:24.588 NotebookApp] Notebook main.ipynb is not trusted
[I 18:40:24.765 NotebookApp] Saving file at /main.ipynb
[W 18:40:24.766 NotebookApp] Notebook main.ipynb is not trusted
[I 18:40:24.947 NotebookApp] Saving file at /main.ipynb
[W 18:40:24.948 NotebookApp] Notebook main.ipynb is not trusted
[I 18:40:28.748 NotebookApp] Saving file at /main.ipynb
[W 18:40:28.749 NotebookApp] Notebook main.ipynb is not trusted
[I 18:42:14.822 NotebookApp] Saving file at /main.ipynb
[W 18:42:14.823 NotebookApp] Notebook main.ipynb is not trusted
[I 18:44:14.833 NotebookApp] Saving file at /main.ipynb
[I 18:44:38.087 NotebookApp] Saving file at /urdava/data_valuation/__init__.py
